Using pre-set license
Built from '2022.1/staging' branch; Version is '2022.1.16f1 (7321c9670bc2) revision 7545289'; Using compiler version '192829333'; Build Type 'Release'
OS: 'Windows 11  (10.0.22000) 64bit Professional' Language: 'en' Physical Memory: 24479 MB
BatchMode: 1, IsHumanControllingUs: 0, StartBugReporterOnCrash: 0, Is64bit: 1, IsPro: 1

COMMAND LINE ARGUMENTS:
C:\Program Files\Unity\Hub\Editor\2022.1.16f1\Editor\Unity.exe
-adb2
-batchMode
-noUpm
-name
AssetImportWorker6
-projectPath
C:/Users/asdaman69/Desktop/repos/KeebSimTesting
-logFile
Logs/AssetImportWorker6.log
-srvPort
52160
Successfully changed project path to: C:/Users/asdaman69/Desktop/repos/KeebSimTesting
C:/Users/asdaman69/Desktop/repos/KeebSimTesting
[UnityMemory] Configuration Parameters - Can be set up in boot.config
    "memorysetup-bucket-allocator-granularity=16"
    "memorysetup-bucket-allocator-bucket-count=8"
    "memorysetup-bucket-allocator-block-size=33554432"
    "memorysetup-bucket-allocator-block-count=8"
    "memorysetup-main-allocator-block-size=16777216"
    "memorysetup-thread-allocator-block-size=16777216"
    "memorysetup-gfx-main-allocator-block-size=16777216"
    "memorysetup-gfx-thread-allocator-block-size=16777216"
    "memorysetup-cache-allocator-block-size=4194304"
    "memorysetup-typetree-allocator-block-size=2097152"
    "memorysetup-profiler-bucket-allocator-granularity=16"
    "memorysetup-profiler-bucket-allocator-bucket-count=8"
    "memorysetup-profiler-bucket-allocator-block-size=33554432"
    "memorysetup-profiler-bucket-allocator-block-count=8"
    "memorysetup-profiler-allocator-block-size=16777216"
    "memorysetup-profiler-editor-allocator-block-size=1048576"
    "memorysetup-temp-allocator-size-main=16777216"
    "memorysetup-job-temp-allocator-block-size=2097152"
    "memorysetup-job-temp-allocator-block-size-background=1048576"
    "memorysetup-job-temp-allocator-reduction-small-platforms=262144"
    "memorysetup-temp-allocator-size-background-worker=32768"
    "memorysetup-temp-allocator-size-job-worker=262144"
    "memorysetup-temp-allocator-size-preload-manager=33554432"
    "memorysetup-temp-allocator-size-nav-mesh-worker=65536"
    "memorysetup-temp-allocator-size-audio-worker=65536"
    "memorysetup-temp-allocator-size-cloud-worker=32768"
    "memorysetup-temp-allocator-size-gi-baking-worker=262144"
    "memorysetup-temp-allocator-size-gfx=262144"
Refreshing native plugins compatible for Editor in 164.28 ms, found 4 plugins.
Preloading 0 native plugins for Editor in 0.00 ms.
Initialize engine version: 2022.1.16f1 (7321c9670bc2)
[Subsystems] Discovering subsystems at path C:/Program Files/Unity/Hub/Editor/2022.1.16f1/Editor/Data/Resources/UnitySubsystems
[Subsystems] Discovering subsystems at path C:/Users/asdaman69/Desktop/repos/KeebSimTesting/Assets
GfxDevice: creating device client; threaded=0; jobified=0
Direct3D:
    Version:  Direct3D 11.0 [level 11.1]
    Renderer: NVIDIA GeForce RTX 3060 (ID=0x2504)
    Vendor:   NVIDIA
    VRAM:     12129 MB
    Driver:   31.0.15.2737
Initialize mono
Mono path[0] = 'C:/Program Files/Unity/Hub/Editor/2022.1.16f1/Editor/Data/Managed'
Mono path[1] = 'C:/Program Files/Unity/Hub/Editor/2022.1.16f1/Editor/Data/MonoBleedingEdge/lib/mono/unityjit-win32'
Mono config path = 'C:/Program Files/Unity/Hub/Editor/2022.1.16f1/Editor/Data/MonoBleedingEdge/etc'
Using monoOptions --debugger-agent=transport=dt_socket,embedding=1,server=y,suspend=n,address=127.0.0.1:56204
Begin MonoManager ReloadAssembly
Registering precompiled unity dll's ...
Register platform support module: C:/Program Files/Unity/Hub/Editor/2022.1.16f1/Editor/Data/PlaybackEngines/AndroidPlayer/UnityEditor.Android.Extensions.dll
Register platform support module: C:/Program Files/Unity/Hub/Editor/2022.1.16f1/Editor/Data/PlaybackEngines/iOSSupport/UnityEditor.iOS.Extensions.dll
Register platform support module: C:/Program Files/Unity/Hub/Editor/2022.1.16f1/Editor/Data/PlaybackEngines/WindowsStandaloneSupport/UnityEditor.WindowsStandalone.Extensions.dll
Register platform support module: C:/Program Files/Unity/Hub/Editor/2022.1.16f1/Editor/Data/PlaybackEngines/LinuxStandaloneSupport/UnityEditor.LinuxStandalone.Extensions.dll
Register platform support module: C:/Program Files/Unity/Hub/Editor/2022.1.16f1/Editor/Data/PlaybackEngines/MetroSupport/UnityEditor.UWP.Extensions.dll
Registered in 0.009179 seconds.
Native extension for UWP target not found
Native extension for LinuxStandalone target not found
Native extension for WindowsStandalone target not found
[usbmuxd] Start listen thread
[usbmuxd] Listen thread started
Native extension for iOS target not found
Native extension for Android target not found
Refreshing native plugins compatible for Editor in 111.54 ms, found 4 plugins.
Preloading 0 native plugins for Editor in 0.00 ms.
Mono: successfully reloaded assembly
- Completed reload, in  0.627 seconds
Domain Reload Profiling:
	ReloadAssembly (627ms)
		BeginReloadAssembly (72ms)
			ExecutionOrderSort (0ms)
			DisableScriptedObjects (0ms)
			BackupInstance (0ms)
			ReleaseScriptingObjects (0ms)
			CreateAndSetChildDomain (1ms)
		EndReloadAssembly (447ms)
			LoadAssemblies (71ms)
			RebuildTransferFunctionScriptingTraits (0ms)
			SetupTypeCache (98ms)
				TypeCache.Initialize (97ms)
					TypeCache.ScanAssembly (96ms)
				ResolveRequiredComponents (0ms)
			ReleaseScriptCaches (0ms)
			RebuildScriptCaches (21ms)
			SetupLoadedEditorAssemblies (282ms)
				LogAssemblyErrors (0ms)
				InitializePlatformSupportModulesInManaged (53ms)
				SetLoadedEditorAssemblies (6ms)
				RefreshPlugins (112ms)
				BeforeProcessingInitializeOnLoad (1ms)
				ProcessInitializeOnLoadAttributes (76ms)
				ProcessInitializeOnLoadMethodAttributes (33ms)
				AfterProcessingInitializeOnLoad (0ms)
				EditorAssembliesLoaded (0ms)
			ExecutionOrderSort2 (0ms)
			AwakeInstancesAfterBackupRestoration (0ms)
Platform modules already initialized, skipping
Registering precompiled user dll's ...
Registered in 0.005758 seconds.
Begin MonoManager ReloadAssembly
Symbol file LoadedFromMemory doesn't match image C:\Users\asdaman69\Desktop\repos\KeebSimTesting\Library\PackageCache\com.unity.visualscripting@1.7.8\Editor\VisualScripting.Core\Dependencies\YamlDotNet\Unity.VisualScripting.YamlDotNet.dll
Symbol file LoadedFromMemory doesn't match image C:\Users\asdaman69\Desktop\repos\KeebSimTesting\Library\PackageCache\com.unity.visualscripting@1.7.8\Editor\VisualScripting.Core\Dependencies\DotNetZip\Unity.VisualScripting.IonicZip.dll
Native extension for UWP target not found
Native extension for LinuxStandalone target not found
Native extension for WindowsStandalone target not found
Native extension for iOS target not found
Native extension for Android target not found
Refreshing native plugins compatible for Editor in 109.83 ms, found 4 plugins.
Preloading 0 native plugins for Editor in 0.00 ms.
Mono: successfully reloaded assembly
- Completed reload, in  1.333 seconds
Domain Reload Profiling:
	ReloadAssembly (1334ms)
		BeginReloadAssembly (190ms)
			ExecutionOrderSort (0ms)
			DisableScriptedObjects (4ms)
			BackupInstance (0ms)
			ReleaseScriptingObjects (0ms)
			CreateAndSetChildDomain (125ms)
		EndReloadAssembly (1053ms)
			LoadAssemblies (72ms)
			RebuildTransferFunctionScriptingTraits (0ms)
			SetupTypeCache (227ms)
				TypeCache.Initialize (218ms)
					TypeCache.ScanAssembly (214ms)
				ResolveRequiredComponents (9ms)
			ReleaseScriptCaches (1ms)
			RebuildScriptCaches (63ms)
			SetupLoadedEditorAssemblies (647ms)
				LogAssemblyErrors (0ms)
				InitializePlatformSupportModulesInManaged (22ms)
				SetLoadedEditorAssemblies (5ms)
				RefreshPlugins (110ms)
				BeforeProcessingInitializeOnLoad (99ms)
				ProcessInitializeOnLoadAttributes (369ms)
				ProcessInitializeOnLoadMethodAttributes (37ms)
				AfterProcessingInitializeOnLoad (5ms)
				EditorAssembliesLoaded (0ms)
			ExecutionOrderSort2 (0ms)
			AwakeInstancesAfterBackupRestoration (5ms)
Platform modules already initialized, skipping
========================================================================
Worker process is ready to serve import requests
Launched and connected shader compiler UnityShaderCompiler.exe after 0.03 seconds
Refreshing native plugins compatible for Editor in 1.08 ms, found 4 plugins.
Preloading 0 native plugins for Editor in 0.00 ms.
Unloading 6950 Unused Serialized files (Serialized files now loaded: 0)
Unloading 64 unused Assets / (4.7 MB). Loaded Objects now: 7405.
Memory consumption went from 1.10 GB to 1.10 GB.
Total: 4.178200 ms (FindLiveObjects: 0.405600 ms CreateObjectMapping: 0.157800 ms MarkObjects: 2.815900 ms  DeleteObjects: 0.798200 ms)

AssetImportParameters requested are different than current active one (requested -> active):
  custom:video-decoder-ogg-theora: a1e56fd34408186e4bbccfd4996cb3dc -> 
  custom:container-muxer-webm: aa71ff27fc2769a1b78a27578f13a17b -> 
  custom:container-demuxer-webm: 4f35f7cbe854078d1ac9338744f61a02 -> 
  custom:video-encoder-webm-vp8: eb34c28f22e8b96e1ab97ce403110664 -> 
  custom:audio-encoder-webm-vorbis: bf7c407c2cedff20999df2af8eb42d56 -> 
  custom:framework-win-MediaFoundation: 216162199b28c13a410421893ffa2e32 -> 
  custom:container-demuxer-ogg: 62fdf1f143b41e24485cea50d1cbac27 -> 
  custom:video-decoder-webm-vp8: 9c59270c3fd7afecdb556c50c9e8de78 -> 
  custom:audio-decoder-ogg-vorbis: bf7c407c2cedff20999df2af8eb42d56 -> 
========================================================================
Received Import Request.
  Time since last request: 13410.918558 seconds.
  path: Assets/sceneDecor/gpro/Material.002.mat
  artifactKey: Guid(3409b95c587d1994c869d295f48e8a7e) Importer(815301076,1909f56bfc062723c751e8b465ee728b)
Start importing Assets/sceneDecor/gpro/Material.002.mat using Guid(3409b95c587d1994c869d295f48e8a7e) Importer(815301076,1909f56bfc062723c751e8b465ee728b)  -> (artifact id: '3d97d40ccf5dbc4ff0b685ef02a23eda') in 0.762028 seconds 
========================================================================
Received Import Request.
  Time since last request: 144.402163 seconds.
  path: Assets/sceneDecor/Frog4.fbx
  artifactKey: Guid(861de94ea66a1954f859558a37365f1c) Importer(815301076,1909f56bfc062723c751e8b465ee728b)
Start importing Assets/sceneDecor/Frog4.fbx using Guid(861de94ea66a1954f859558a37365f1c) Importer(815301076,1909f56bfc062723c751e8b465ee728b)  -> (artifact id: '6492768febe38f3475ee398b1c7ed9fd') in 0.158959 seconds 
========================================================================
Received Import Request.
  Time since last request: 1094.530729 seconds.
  path: Assets/sceneDecor/Frog5.fbx
  artifactKey: Guid(ce557b7efd3b9714e86a2fcfdc173ab6) Importer(815301076,1909f56bfc062723c751e8b465ee728b)
Start importing Assets/sceneDecor/Frog5.fbx using Guid(ce557b7efd3b9714e86a2fcfdc173ab6) Importer(815301076,1909f56bfc062723c751e8b465ee728b)  -> (artifact id: 'd24082adcd1f6c21fa8e2dd4c1c967a3') in 0.086361 seconds 
========================================================================
Received Import Request.
  Time since last request: 27.817970 seconds.
  path: Assets/sceneDecor/hero9.fbx
  artifactKey: Guid(7aa38775f28615148adcaa8797a7a7f1) Importer(815301076,1909f56bfc062723c751e8b465ee728b)
Start importing Assets/sceneDecor/hero9.fbx using Guid(7aa38775f28615148adcaa8797a7a7f1) Importer(815301076,1909f56bfc062723c751e8b465ee728b)  -> (artifact id: '75c64e6b69b7dd79cc3434e4dd9799ad') in 0.049692 seconds 
========================================================================
Received Import Request.
  Time since last request: 214.069049 seconds.
  path: Assets/sceneDecor/ps4.fbx
  artifactKey: Guid(20cd12fa16a9e4d4ba1d20ee496aad9e) Importer(815301076,1909f56bfc062723c751e8b465ee728b)
Start importing Assets/sceneDecor/ps4.fbx using Guid(20cd12fa16a9e4d4ba1d20ee496aad9e) Importer(815301076,1909f56bfc062723c751e8b465ee728b)  -> (artifact id: 'f6ee41067d6a82cf5f3511c1bda7dac6') in 0.060239 seconds 
========================================================================
Received Import Request.
  Time since last request: 1.817120 seconds.
  path: Assets/sceneDecor/Fujshitsu.fbx
  artifactKey: Guid(1f389695bfe011743b983d483ca520bd) Importer(815301076,1909f56bfc062723c751e8b465ee728b)
Start importing Assets/sceneDecor/Fujshitsu.fbx using Guid(1f389695bfe011743b983d483ca520bd) Importer(815301076,1909f56bfc062723c751e8b465ee728b)  -> (artifact id: 'c8762a00886869a36d022218b5eedec7') in 0.054687 seconds 
========================================================================
Received Import Request.
  Time since last request: 87.450195 seconds.
  path: Assets/sceneDecor/SharpTV (1).blend
  artifactKey: Guid(c1598d2c58080e64ca27eb0681b879eb) Importer(815301076,1909f56bfc062723c751e8b465ee728b)
Start importing Assets/sceneDecor/SharpTV (1).blend using Guid(c1598d2c58080e64ca27eb0681b879eb) Importer(815301076,1909f56bfc062723c751e8b465ee728b)  -> (artifact id: 'd0dd14f00c01b82f69f27cb69d9ed4d8') in 0.090161 seconds 
========================================================================
Received Import Request.
  Time since last request: 78.720234 seconds.
  path: Assets/sceneDecor/Chair (1).blend
  artifactKey: Guid(794ae80deb74dc446b65a64917734835) Importer(815301076,1909f56bfc062723c751e8b465ee728b)
Start importing Assets/sceneDecor/Chair (1).blend using Guid(794ae80deb74dc446b65a64917734835) Importer(815301076,1909f56bfc062723c751e8b465ee728b)  -> (artifact id: '7bc0ef1e42812b862445b1ab42cc4c51') in 0.411591 seconds 
========================================================================
Received Import Request.
  Time since last request: 2773.761887 seconds.
  path: Assets/sceneDecor/DellComputer.fbx
  artifactKey: Guid(74929732c7d308b479c1695d3dc46f1e) Importer(815301076,1909f56bfc062723c751e8b465ee728b)
Start importing Assets/sceneDecor/DellComputer.fbx using Guid(74929732c7d308b479c1695d3dc46f1e) Importer(815301076,1909f56bfc062723c751e8b465ee728b)  -> (artifact id: 'd593e5619ed67676f3864ee58c5531b8') in 0.111219 seconds 
========================================================================
Received Import Request.
  Time since last request: 34.115081 seconds.
  path: Assets/sceneDecor/Fujshitsu.fbx
  artifactKey: Guid(1f389695bfe011743b983d483ca520bd) Importer(815301076,1909f56bfc062723c751e8b465ee728b)
Start importing Assets/sceneDecor/Fujshitsu.fbx using Guid(1f389695bfe011743b983d483ca520bd) Importer(815301076,1909f56bfc062723c751e8b465ee728b)  -> (artifact id: 'db7d9b1e649ca6f6d59ad02c9110d9f1') in 0.058584 seconds 
========================================================================
Received Import Request.
  Time since last request: 2.147681 seconds.
  path: Assets/sceneDecor/FUJITSU
  artifactKey: Guid(5d2e3c35bd81c3347abe4e96ef3daede) Importer(815301076,1909f56bfc062723c751e8b465ee728b)
Start importing Assets/sceneDecor/FUJITSU using Guid(5d2e3c35bd81c3347abe4e96ef3daede) Importer(815301076,1909f56bfc062723c751e8b465ee728b)  -> (artifact id: '61d0a08c3f1744d597cfaf801411cad1') in 0.005391 seconds 
========================================================================
Received Import Request.
  Time since last request: 0.043010 seconds.
  path: Assets/sceneDecor/FUJITSU/compback.png
  artifactKey: Guid(6e27da934b617f34198319105b58d395) Importer(815301076,1909f56bfc062723c751e8b465ee728b)
Start importing Assets/sceneDecor/FUJITSU/compback.png using Guid(6e27da934b617f34198319105b58d395) Importer(815301076,1909f56bfc062723c751e8b465ee728b)  -> (artifact id: '9cc51efc2c414d5fdb171838e37b8209') in 0.057487 seconds 
========================================================================
Received Import Request.
  Time since last request: 103.824278 seconds.
  path: Assets/sceneDecor/DellComputer.fbx
  artifactKey: Guid(74929732c7d308b479c1695d3dc46f1e) Importer(815301076,1909f56bfc062723c751e8b465ee728b)
Start importing Assets/sceneDecor/DellComputer.fbx using Guid(74929732c7d308b479c1695d3dc46f1e) Importer(815301076,1909f56bfc062723c751e8b465ee728b)  -> (artifact id: 'f7cbbc5fe71bfac554292b0bd40c2ccc') in 0.061803 seconds 
========================================================================
Received Import Request.
  Time since last request: 109.418475 seconds.
  path: Assets/sceneDecor/OculusQuest
  artifactKey: Guid(abf7e4d588d677b4086570813e1528f3) Importer(815301076,1909f56bfc062723c751e8b465ee728b)
Start importing Assets/sceneDecor/OculusQuest using Guid(abf7e4d588d677b4086570813e1528f3) Importer(815301076,1909f56bfc062723c751e8b465ee728b)  -> (artifact id: 'abe6ea264de5b7ff117f4b457bc4402f') in 0.006374 seconds 
========================================================================
Received Import Request.
  Time since last request: 0.048232 seconds.
  path: Assets/sceneDecor/OculusQuest/IMG_5691.jpg
  artifactKey: Guid(d9b8fa90e39309d4193c1b3759056595) Importer(815301076,1909f56bfc062723c751e8b465ee728b)
Start importing Assets/sceneDecor/OculusQuest/IMG_5691.jpg using Guid(d9b8fa90e39309d4193c1b3759056595) Importer(815301076,1909f56bfc062723c751e8b465ee728b)  -> (artifact id: '3de131689a25946e0dc6815adc26641e') in 0.024200 seconds 
========================================================================
Received Import Request.
  Time since last request: 0.000028 seconds.
  path: Assets/sceneDecor/OculusQuest/IMG_5694.jpg
  artifactKey: Guid(c6f813aec1e510943aca27ff0123b081) Importer(815301076,1909f56bfc062723c751e8b465ee728b)
Start importing Assets/sceneDecor/OculusQuest/IMG_5694.jpg using Guid(c6f813aec1e510943aca27ff0123b081) Importer(815301076,1909f56bfc062723c751e8b465ee728b)  -> (artifact id: '7d18b72f8186d5b2ee4ad46c1f972799') in 0.014343 seconds 
========================================================================
Received Import Request.
  Time since last request: 0.000030 seconds.
  path: Assets/sceneDecor/OculusQuest/OculusQuest2Box.fbx
  artifactKey: Guid(cbedcf0553047434c8551405145b7162) Importer(815301076,1909f56bfc062723c751e8b465ee728b)
Start importing Assets/sceneDecor/OculusQuest/OculusQuest2Box.fbx using Guid(cbedcf0553047434c8551405145b7162) Importer(815301076,1909f56bfc062723c751e8b465ee728b)  -> (artifact id: 'b836a799c1ce08aa77e0fddc524bea5f') in 0.091447 seconds 
========================================================================
Received Import Request.
  Time since last request: 0.000030 seconds.
  path: Assets/sceneDecor/OculusQuest/IMG_5693.jpg
  artifactKey: Guid(ad126fa58b2e8fc47b2e0e4ec7b90352) Importer(815301076,1909f56bfc062723c751e8b465ee728b)
Start importing Assets/sceneDecor/OculusQuest/IMG_5693.jpg using Guid(ad126fa58b2e8fc47b2e0e4ec7b90352) Importer(815301076,1909f56bfc062723c751e8b465ee728b)  -> (artifact id: '808f1ccd7378a9fcef9972694afe5174') in 0.011429 seconds 
Editor requested this worker to shutdown with reason: Scaling down because of idle timeout
AssetImportWorker is now disconnected from the server
Process exiting
Exiting without the bug reporter. Application will terminate with return code 0