Using pre-set license
Built from '2022.1/staging' branch; Version is '2022.1.16f1 (7321c9670bc2) revision 7545289'; Using compiler version '192829333'; Build Type 'Release'
OS: 'Windows 10  (10.0.19045) 64bit Professional' Language: 'en' Physical Memory: 32671 MB
BatchMode: 1, IsHumanControllingUs: 0, StartBugReporterOnCrash: 0, Is64bit: 1, IsPro: 1

COMMAND LINE ARGUMENTS:
C:\Program Files\Unity\Hub\Editor\2022.1.16f1\Editor\Unity.exe
-adb2
-batchMode
-noUpm
-name
AssetImportWorker0
-projectPath
C:/Users/asdaFemboy/Desktop/Github Repos/KeebSimTesting
-logFile
Logs/AssetImportWorker0.log
-srvPort
59301
Successfully changed project path to: C:/Users/asdaFemboy/Desktop/Github Repos/KeebSimTesting
C:/Users/asdaFemboy/Desktop/Github Repos/KeebSimTesting
[UnityMemory] Configuration Parameters - Can be set up in boot.config
    "memorysetup-bucket-allocator-granularity=16"
    "memorysetup-bucket-allocator-bucket-count=8"
    "memorysetup-bucket-allocator-block-size=33554432"
    "memorysetup-bucket-allocator-block-count=8"
    "memorysetup-main-allocator-block-size=16777216"
    "memorysetup-thread-allocator-block-size=16777216"
    "memorysetup-gfx-main-allocator-block-size=16777216"
    "memorysetup-gfx-thread-allocator-block-size=16777216"
    "memorysetup-cache-allocator-block-size=4194304"
    "memorysetup-typetree-allocator-block-size=2097152"
    "memorysetup-profiler-bucket-allocator-granularity=16"
    "memorysetup-profiler-bucket-allocator-bucket-count=8"
    "memorysetup-profiler-bucket-allocator-block-size=33554432"
    "memorysetup-profiler-bucket-allocator-block-count=8"
    "memorysetup-profiler-allocator-block-size=16777216"
    "memorysetup-profiler-editor-allocator-block-size=1048576"
    "memorysetup-temp-allocator-size-main=16777216"
    "memorysetup-job-temp-allocator-block-size=2097152"
    "memorysetup-job-temp-allocator-block-size-background=1048576"
    "memorysetup-job-temp-allocator-reduction-small-platforms=262144"
    "memorysetup-temp-allocator-size-background-worker=32768"
    "memorysetup-temp-allocator-size-job-worker=262144"
    "memorysetup-temp-allocator-size-preload-manager=33554432"
    "memorysetup-temp-allocator-size-nav-mesh-worker=65536"
    "memorysetup-temp-allocator-size-audio-worker=65536"
    "memorysetup-temp-allocator-size-cloud-worker=32768"
    "memorysetup-temp-allocator-size-gi-baking-worker=262144"
    "memorysetup-temp-allocator-size-gfx=262144"
Refreshing native plugins compatible for Editor in 622.63 ms, found 4 plugins.
Preloading 0 native plugins for Editor in 0.00 ms.
Initialize engine version: 2022.1.16f1 (7321c9670bc2)
[Subsystems] Discovering subsystems at path C:/Program Files/Unity/Hub/Editor/2022.1.16f1/Editor/Data/Resources/UnitySubsystems
[Subsystems] Discovering subsystems at path C:/Users/asdaFemboy/Desktop/Github Repos/KeebSimTesting/Assets
GfxDevice: creating device client; threaded=0; jobified=0
Direct3D:
    Version:  Direct3D 11.0 [level 11.1]
    Renderer: NVIDIA GeForce RTX 3060 (ID=0x2504)
    Vendor:   NVIDIA
    VRAM:     12129 MB
    Driver:   31.0.15.3161
Initialize mono
Mono path[0] = 'C:/Program Files/Unity/Hub/Editor/2022.1.16f1/Editor/Data/Managed'
Mono path[1] = 'C:/Program Files/Unity/Hub/Editor/2022.1.16f1/Editor/Data/MonoBleedingEdge/lib/mono/unityjit-win32'
Mono config path = 'C:/Program Files/Unity/Hub/Editor/2022.1.16f1/Editor/Data/MonoBleedingEdge/etc'
Using monoOptions --debugger-agent=transport=dt_socket,embedding=1,server=y,suspend=n,address=127.0.0.1:56760
Begin MonoManager ReloadAssembly
Registering precompiled unity dll's ...
Register platform support module: C:/Program Files/Unity/Hub/Editor/2022.1.16f1/Editor/Data/PlaybackEngines/AndroidPlayer/UnityEditor.Android.Extensions.dll
Register platform support module: C:/Program Files/Unity/Hub/Editor/2022.1.16f1/Editor/Data/PlaybackEngines/WindowsStandaloneSupport/UnityEditor.WindowsStandalone.Extensions.dll
Register platform support module: C:/Program Files/Unity/Hub/Editor/2022.1.16f1/Editor/Data/PlaybackEngines/LinuxStandaloneSupport/UnityEditor.LinuxStandalone.Extensions.dll
Register platform support module: C:/Program Files/Unity/Hub/Editor/2022.1.16f1/Editor/Data/PlaybackEngines/MetroSupport/UnityEditor.UWP.Extensions.dll
Registered in 0.008492 seconds.
Native extension for UWP target not found
Native extension for LinuxStandalone target not found
Native extension for WindowsStandalone target not found
Native extension for Android target not found
Refreshing native plugins compatible for Editor in 127.97 ms, found 4 plugins.
Preloading 0 native plugins for Editor in 0.00 ms.
Mono: successfully reloaded assembly
- Completed reload, in  0.658 seconds
Domain Reload Profiling:
	ReloadAssembly (658ms)
		BeginReloadAssembly (68ms)
			ExecutionOrderSort (0ms)
			DisableScriptedObjects (0ms)
			BackupInstance (0ms)
			ReleaseScriptingObjects (0ms)
			CreateAndSetChildDomain (1ms)
		EndReloadAssembly (488ms)
			LoadAssemblies (67ms)
			RebuildTransferFunctionScriptingTraits (0ms)
			SetupTypeCache (93ms)
				TypeCache.Initialize (92ms)
					TypeCache.ScanAssembly (91ms)
				ResolveRequiredComponents (0ms)
			ReleaseScriptCaches (0ms)
			RebuildScriptCaches (22ms)
			SetupLoadedEditorAssemblies (323ms)
				LogAssemblyErrors (0ms)
				InitializePlatformSupportModulesInManaged (60ms)
				SetLoadedEditorAssemblies (6ms)
				RefreshPlugins (128ms)
				BeforeProcessingInitializeOnLoad (1ms)
				ProcessInitializeOnLoadAttributes (89ms)
				ProcessInitializeOnLoadMethodAttributes (38ms)
				AfterProcessingInitializeOnLoad (0ms)
				EditorAssembliesLoaded (0ms)
			ExecutionOrderSort2 (0ms)
			AwakeInstancesAfterBackupRestoration (0ms)
Platform modules already initialized, skipping
Registering precompiled user dll's ...
Registered in 0.006408 seconds.
Begin MonoManager ReloadAssembly
Symbol file LoadedFromMemory doesn't match image C:\Users\asdaFemboy\Desktop\Github Repos\KeebSimTesting\Library\PackageCache\com.unity.visualscripting@1.7.8\Editor\VisualScripting.Core\Dependencies\YamlDotNet\Unity.VisualScripting.YamlDotNet.dll
Symbol file LoadedFromMemory doesn't match image C:\Users\asdaFemboy\Desktop\Github Repos\KeebSimTesting\Library\PackageCache\com.unity.visualscripting@1.7.8\Editor\VisualScripting.Core\Dependencies\DotNetZip\Unity.VisualScripting.IonicZip.dll
Native extension for UWP target not found
Native extension for LinuxStandalone target not found
Native extension for WindowsStandalone target not found
Native extension for Android target not found
Refreshing native plugins compatible for Editor in 133.62 ms, found 4 plugins.
Preloading 0 native plugins for Editor in 0.00 ms.
Mono: successfully reloaded assembly
- Completed reload, in  1.402 seconds
Domain Reload Profiling:
	ReloadAssembly (1403ms)
		BeginReloadAssembly (108ms)
			ExecutionOrderSort (0ms)
			DisableScriptedObjects (5ms)
			BackupInstance (0ms)
			ReleaseScriptingObjects (0ms)
			CreateAndSetChildDomain (20ms)
		EndReloadAssembly (1179ms)
			LoadAssemblies (90ms)
			RebuildTransferFunctionScriptingTraits (0ms)
			SetupTypeCache (259ms)
				TypeCache.Initialize (249ms)
					TypeCache.ScanAssembly (243ms)
				ResolveRequiredComponents (10ms)
			ReleaseScriptCaches (2ms)
			RebuildScriptCaches (80ms)
			SetupLoadedEditorAssemblies (706ms)
				LogAssemblyErrors (0ms)
				InitializePlatformSupportModulesInManaged (17ms)
				SetLoadedEditorAssemblies (6ms)
				RefreshPlugins (134ms)
				BeforeProcessingInitializeOnLoad (117ms)
				ProcessInitializeOnLoadAttributes (387ms)
				ProcessInitializeOnLoadMethodAttributes (40ms)
				AfterProcessingInitializeOnLoad (6ms)
				EditorAssembliesLoaded (0ms)
			ExecutionOrderSort2 (0ms)
			AwakeInstancesAfterBackupRestoration (4ms)
Platform modules already initialized, skipping
========================================================================
Worker process is ready to serve import requests
Launched and connected shader compiler UnityShaderCompiler.exe after 0.04 seconds
Refreshing native plugins compatible for Editor in 2.39 ms, found 4 plugins.
Preloading 0 native plugins for Editor in 0.00 ms.
Unloading 6950 Unused Serialized files (Serialized files now loaded: 0)
Unloading 64 unused Assets / (4.7 MB). Loaded Objects now: 7403.
Memory consumption went from 1.10 GB to 1.10 GB.
Total: 8.122800 ms (FindLiveObjects: 0.899700 ms CreateObjectMapping: 0.296300 ms MarkObjects: 5.053600 ms  DeleteObjects: 1.871800 ms)

AssetImportParameters requested are different than current active one (requested -> active):
  custom:video-decoder-ogg-theora: a1e56fd34408186e4bbccfd4996cb3dc -> 
  custom:container-muxer-webm: aa71ff27fc2769a1b78a27578f13a17b -> 
  custom:container-demuxer-webm: 4f35f7cbe854078d1ac9338744f61a02 -> 
  custom:video-encoder-webm-vp8: eb34c28f22e8b96e1ab97ce403110664 -> 
  custom:audio-encoder-webm-vorbis: bf7c407c2cedff20999df2af8eb42d56 -> 
  custom:framework-win-MediaFoundation: 216162199b28c13a410421893ffa2e32 -> 
  custom:container-demuxer-ogg: 62fdf1f143b41e24485cea50d1cbac27 -> 
  custom:video-decoder-webm-vp8: 9c59270c3fd7afecdb556c50c9e8de78 -> 
  custom:audio-decoder-ogg-vorbis: bf7c407c2cedff20999df2af8eb42d56 -> 
========================================================================
Received Import Request.
  Time since last request: 1079324.079749 seconds.
  path: Assets/building.png
  artifactKey: Guid(f48fad1d61def784c9184fd124119f51) Importer(815301076,1909f56bfc062723c751e8b465ee728b)
Start importing Assets/building.png using Guid(f48fad1d61def784c9184fd124119f51) Importer(815301076,1909f56bfc062723c751e8b465ee728b)  -> (artifact id: '5b4b1e4e60676d2a78548384e5afaae9') in 0.165466 seconds 
========================================================================
Received Import Request.
  Time since last request: 0.000020 seconds.
  path: Assets/firstLoad.png
  artifactKey: Guid(dcbed91202bd5ce43b8e39d8f6bcaaf3) Importer(815301076,1909f56bfc062723c751e8b465ee728b)
Start importing Assets/firstLoad.png using Guid(dcbed91202bd5ce43b8e39d8f6bcaaf3) Importer(815301076,1909f56bfc062723c751e8b465ee728b)  -> (artifact id: 'e8af523a7c8bfeefdcff3f5600cdccc7') in 0.019726 seconds 
========================================================================
Received Import Request.
  Time since last request: 0.000032 seconds.
  path: Assets/buying.png
  artifactKey: Guid(6b0e43e3b0f57024d83d69a8f5cfde21) Importer(815301076,1909f56bfc062723c751e8b465ee728b)
Start importing Assets/buying.png using Guid(6b0e43e3b0f57024d83d69a8f5cfde21) Importer(815301076,1909f56bfc062723c751e8b465ee728b)  -> (artifact id: 'c3821110b72394f2749346ec77cf0e48') in 0.016251 seconds 
========================================================================
Received Import Request.
  Time since last request: 13.625122 seconds.
  path: Assets/Scenes
  artifactKey: Guid(899743db6e018b949b36c404724eddee) Importer(815301076,1909f56bfc062723c751e8b465ee728b)
Start importing Assets/Scenes using Guid(899743db6e018b949b36c404724eddee) Importer(815301076,1909f56bfc062723c751e8b465ee728b)  -> (artifact id: '7643c44fb8a75f3d851448c629be50ff') in 0.007829 seconds 
========================================================================
Received Import Request.
  Time since last request: 1.556318 seconds.
  path: Assets/Scenes/SampleScene.unity
  artifactKey: Guid(9fc0d4010bbf28b4594072e72b8655ab) Importer(815301076,1909f56bfc062723c751e8b465ee728b)
Start importing Assets/Scenes/SampleScene.unity using Guid(9fc0d4010bbf28b4594072e72b8655ab) Importer(815301076,1909f56bfc062723c751e8b465ee728b)  -> (artifact id: '7c5f9cbe6d9044383bb2c91ed832e219') in 0.007762 seconds 
========================================================================
Received Prepare
Registering precompiled user dll's ...
Registered in 0.007663 seconds.
Begin MonoManager ReloadAssembly
Symbol file LoadedFromMemory doesn't match image C:\Users\asdaFemboy\Desktop\Github Repos\KeebSimTesting\Library\PackageCache\com.unity.visualscripting@1.7.8\Editor\VisualScripting.Core\Dependencies\YamlDotNet\Unity.VisualScripting.YamlDotNet.dll
Symbol file LoadedFromMemory doesn't match image C:\Users\asdaFemboy\Desktop\Github Repos\KeebSimTesting\Library\PackageCache\com.unity.visualscripting@1.7.8\Editor\VisualScripting.Core\Dependencies\DotNetZip\Unity.VisualScripting.IonicZip.dll
Native extension for UWP target not found
Native extension for LinuxStandalone target not found
Native extension for WindowsStandalone target not found
Native extension for Android target not found
Refreshing native plugins compatible for Editor in 2.07 ms, found 4 plugins.
Preloading 0 native plugins for Editor in 0.00 ms.
Mono: successfully reloaded assembly
- Completed reload, in  1.562 seconds
Domain Reload Profiling:
	ReloadAssembly (1563ms)
		BeginReloadAssembly (117ms)
			ExecutionOrderSort (0ms)
			DisableScriptedObjects (4ms)
			BackupInstance (0ms)
			ReleaseScriptingObjects (0ms)
			CreateAndSetChildDomain (40ms)
		EndReloadAssembly (1365ms)
			LoadAssemblies (73ms)
			RebuildTransferFunctionScriptingTraits (0ms)
			SetupTypeCache (253ms)
				TypeCache.Initialize (238ms)
					TypeCache.ScanAssembly (230ms)
				ResolveRequiredComponents (16ms)
			ReleaseScriptCaches (3ms)
			RebuildScriptCaches (92ms)
			SetupLoadedEditorAssemblies (698ms)
				LogAssemblyErrors (0ms)
				InitializePlatformSupportModulesInManaged (32ms)
				SetLoadedEditorAssemblies (19ms)
				RefreshPlugins (2ms)
				BeforeProcessingInitializeOnLoad (126ms)
				ProcessInitializeOnLoadAttributes (467ms)
				ProcessInitializeOnLoadMethodAttributes (41ms)
				AfterProcessingInitializeOnLoad (10ms)
				EditorAssembliesLoaded (0ms)
			ExecutionOrderSort2 (0ms)
			AwakeInstancesAfterBackupRestoration (15ms)
Platform modules already initialized, skipping
Refreshing native plugins compatible for Editor in 3.22 ms, found 4 plugins.
Preloading 0 native plugins for Editor in 0.00 ms.
Unloading 6577 Unused Serialized files (Serialized files now loaded: 0)
Unloading 57 unused Assets / (4.6 MB). Loaded Objects now: 7409.
Memory consumption went from 1.04 GB to 1.03 GB.
Total: 4.619800 ms (FindLiveObjects: 0.397800 ms CreateObjectMapping: 0.160100 ms MarkObjects: 3.320200 ms  DeleteObjects: 0.740900 ms)

AssetImportParameters requested are different than current active one (requested -> active):
  custom:video-decoder-ogg-theora: a1e56fd34408186e4bbccfd4996cb3dc -> 
  custom:container-muxer-webm: aa71ff27fc2769a1b78a27578f13a17b -> 
  custom:container-demuxer-webm: 4f35f7cbe854078d1ac9338744f61a02 -> 
  custom:video-encoder-webm-vp8: eb34c28f22e8b96e1ab97ce403110664 -> 
  custom:audio-encoder-webm-vorbis: bf7c407c2cedff20999df2af8eb42d56 -> 
  custom:framework-win-MediaFoundation: 216162199b28c13a410421893ffa2e32 -> 
  custom:container-demuxer-ogg: 62fdf1f143b41e24485cea50d1cbac27 -> 
  custom:video-decoder-webm-vp8: 9c59270c3fd7afecdb556c50c9e8de78 -> 
  custom:audio-decoder-ogg-vorbis: bf7c407c2cedff20999df2af8eb42d56 -> 
========================================================================
Received Import Request.
  Time since last request: 128.468125 seconds.
  path: Assets/scripts
  artifactKey: Guid(3b05f00e80b64344285b582791d1682d) Importer(815301076,1909f56bfc062723c751e8b465ee728b)
Start importing Assets/scripts using Guid(3b05f00e80b64344285b582791d1682d) Importer(815301076,1909f56bfc062723c751e8b465ee728b)  -> (artifact id: 'ec6efdcb1841ff4948f185e623e2b068') in 0.018416 seconds 
========================================================================
Received Import Request.
  Time since last request: 2.282846 seconds.
  path: Assets/scripts/playerLook.cs
  artifactKey: Guid(a7a36ba656608f64a8a12a39362597db) Importer(815301076,1909f56bfc062723c751e8b465ee728b)
Start importing Assets/scripts/playerLook.cs using Guid(a7a36ba656608f64a8a12a39362597db) Importer(815301076,1909f56bfc062723c751e8b465ee728b)  -> (artifact id: '897c4e218e2373f64fabc3875c658ab7') in 0.014998 seconds 
========================================================================
Received Prepare
Registering precompiled user dll's ...
Registered in 0.005824 seconds.
Begin MonoManager ReloadAssembly
Symbol file LoadedFromMemory doesn't match image C:\Users\asdaFemboy\Desktop\Github Repos\KeebSimTesting\Library\PackageCache\com.unity.visualscripting@1.7.8\Editor\VisualScripting.Core\Dependencies\YamlDotNet\Unity.VisualScripting.YamlDotNet.dll
Symbol file LoadedFromMemory doesn't match image C:\Users\asdaFemboy\Desktop\Github Repos\KeebSimTesting\Library\PackageCache\com.unity.visualscripting@1.7.8\Editor\VisualScripting.Core\Dependencies\DotNetZip\Unity.VisualScripting.IonicZip.dll
Native extension for UWP target not found
Native extension for LinuxStandalone target not found
Native extension for WindowsStandalone target not found
Native extension for Android target not found
Refreshing native plugins compatible for Editor in 2.17 ms, found 4 plugins.
Preloading 0 native plugins for Editor in 0.00 ms.
Mono: successfully reloaded assembly
- Completed reload, in  1.456 seconds
Domain Reload Profiling:
	ReloadAssembly (1457ms)
		BeginReloadAssembly (115ms)
			ExecutionOrderSort (0ms)
			DisableScriptedObjects (4ms)
			BackupInstance (0ms)
			ReleaseScriptingObjects (0ms)
			CreateAndSetChildDomain (36ms)
		EndReloadAssembly (1247ms)
			LoadAssemblies (76ms)
			RebuildTransferFunctionScriptingTraits (0ms)
			SetupTypeCache (240ms)
				TypeCache.Initialize (228ms)
					TypeCache.ScanAssembly (222ms)
				ResolveRequiredComponents (11ms)
			ReleaseScriptCaches (2ms)
			RebuildScriptCaches (48ms)
			SetupLoadedEditorAssemblies (741ms)
				LogAssemblyErrors (0ms)
				InitializePlatformSupportModulesInManaged (36ms)
				SetLoadedEditorAssemblies (11ms)
				RefreshPlugins (2ms)
				BeforeProcessingInitializeOnLoad (139ms)
				ProcessInitializeOnLoadAttributes (497ms)
				ProcessInitializeOnLoadMethodAttributes (44ms)
				AfterProcessingInitializeOnLoad (11ms)
				EditorAssembliesLoaded (0ms)
			ExecutionOrderSort2 (0ms)
			AwakeInstancesAfterBackupRestoration (16ms)
Platform modules already initialized, skipping
Refreshing native plugins compatible for Editor in 2.91 ms, found 4 plugins.
Preloading 0 native plugins for Editor in 0.00 ms.
Unloading 6577 Unused Serialized files (Serialized files now loaded: 0)
Unloading 57 unused Assets / (4.6 MB). Loaded Objects now: 7412.
Memory consumption went from 1.04 GB to 1.03 GB.
Total: 4.200800 ms (FindLiveObjects: 0.426500 ms CreateObjectMapping: 0.184900 ms MarkObjects: 2.878500 ms  DeleteObjects: 0.710400 ms)

AssetImportParameters requested are different than current active one (requested -> active):
  custom:video-decoder-ogg-theora: a1e56fd34408186e4bbccfd4996cb3dc -> 
  custom:container-muxer-webm: aa71ff27fc2769a1b78a27578f13a17b -> 
  custom:container-demuxer-webm: 4f35f7cbe854078d1ac9338744f61a02 -> 
  custom:video-encoder-webm-vp8: eb34c28f22e8b96e1ab97ce403110664 -> 
  custom:audio-encoder-webm-vorbis: bf7c407c2cedff20999df2af8eb42d56 -> 
  custom:framework-win-MediaFoundation: 216162199b28c13a410421893ffa2e32 -> 
  custom:container-demuxer-ogg: 62fdf1f143b41e24485cea50d1cbac27 -> 
  custom:video-decoder-webm-vp8: 9c59270c3fd7afecdb556c50c9e8de78 -> 
  custom:audio-decoder-ogg-vorbis: bf7c407c2cedff20999df2af8eb42d56 -> 
========================================================================
Received Import Request.
  Time since last request: 692.794659 seconds.
  path: Assets/misc/New Material.mat
  artifactKey: Guid(1246c4d41d0da7b439bfa899f07e0ba6) Importer(815301076,1909f56bfc062723c751e8b465ee728b)
Start importing Assets/misc/New Material.mat using Guid(1246c4d41d0da7b439bfa899f07e0ba6) Importer(815301076,1909f56bfc062723c751e8b465ee728b) Launched and connected shader compiler UnityShaderCompiler.exe after 0.04 seconds
 -> (artifact id: 'd3d4c19e67b89ec0ab610867b799c42e') in 0.651099 seconds 
========================================================================
Received Import Request.
  Time since last request: 221.277368 seconds.
  path: Assets/roomModel/v3/keyboard_buildin_room.Materials/Material.024.mat
  artifactKey: Guid(c08160755a90d754193e5be94af4c591) Importer(815301076,1909f56bfc062723c751e8b465ee728b)
Start importing Assets/roomModel/v3/keyboard_buildin_room.Materials/Material.024.mat using Guid(c08160755a90d754193e5be94af4c591) Importer(815301076,1909f56bfc062723c751e8b465ee728b)  -> (artifact id: '44ffb80e5099afa88d007029eec394ee') in 0.447889 seconds 
========================================================================
Received Import Request.
  Time since last request: 0.000027 seconds.
  path: Assets/roomModel/v3/keyboard_buildin_room.Materials/Material.020.mat
  artifactKey: Guid(aa6b08b39c80dfc46a5ce2b24be6e3c6) Importer(815301076,1909f56bfc062723c751e8b465ee728b)
Start importing Assets/roomModel/v3/keyboard_buildin_room.Materials/Material.020.mat using Guid(aa6b08b39c80dfc46a5ce2b24be6e3c6) Importer(815301076,1909f56bfc062723c751e8b465ee728b)  -> (artifact id: 'a59c5c5fe70e784d8be924c2219778bc') in 0.019212 seconds 
========================================================================
Received Import Request.
  Time since last request: 0.000034 seconds.
  path: Assets/roomModel/v3/keyboard_buildin_room.Materials/Material.022.mat
  artifactKey: Guid(354bdd97c150ece4c9ffbaae3d9d64cc) Importer(815301076,1909f56bfc062723c751e8b465ee728b)
Start importing Assets/roomModel/v3/keyboard_buildin_room.Materials/Material.022.mat using Guid(354bdd97c150ece4c9ffbaae3d9d64cc) Importer(815301076,1909f56bfc062723c751e8b465ee728b)  -> (artifact id: '0ddabfb998937b2fd45782d258051448') in 0.022531 seconds 
========================================================================
Received Import Request.
  Time since last request: 0.000024 seconds.
  path: Assets/roomModel/v3/keyboard_buildin_room.Materials/Material.028.mat
  artifactKey: Guid(6cd3b418d85732f46bf46ecdc449860c) Importer(815301076,1909f56bfc062723c751e8b465ee728b)
Start importing Assets/roomModel/v3/keyboard_buildin_room.Materials/Material.028.mat using Guid(6cd3b418d85732f46bf46ecdc449860c) Importer(815301076,1909f56bfc062723c751e8b465ee728b)  -> (artifact id: 'ee970cd03c43d4f91d844a726fe8c094') in 0.018806 seconds 
========================================================================
Received Import Request.
  Time since last request: 0.000023 seconds.
  path: Assets/roomModel/v3/keyboard_buildin_room.Materials/Material.031.mat
  artifactKey: Guid(5e8e9ed0e178d4a419b71632c62c39b9) Importer(815301076,1909f56bfc062723c751e8b465ee728b)
Start importing Assets/roomModel/v3/keyboard_buildin_room.Materials/Material.031.mat using Guid(5e8e9ed0e178d4a419b71632c62c39b9) Importer(815301076,1909f56bfc062723c751e8b465ee728b)  -> (artifact id: '7e0522d4953ae55bce02b783eae4508d') in 0.018499 seconds 
========================================================================
Received Import Request.
  Time since last request: 0.000031 seconds.
  path: Assets/roomModel/v3/keyboard_buildin_room.Materials/Material.026.mat
  artifactKey: Guid(5dd1e8ebba901944d95627b456c3e14c) Importer(815301076,1909f56bfc062723c751e8b465ee728b)
Start importing Assets/roomModel/v3/keyboard_buildin_room.Materials/Material.026.mat using Guid(5dd1e8ebba901944d95627b456c3e14c) Importer(815301076,1909f56bfc062723c751e8b465ee728b)  -> (artifact id: '955f3b4289d5c613c7cc995a634470d4') in 0.016937 seconds 
========================================================================
Received Import Request.
  Time since last request: 0.000023 seconds.
  path: Assets/roomModel/v3/keyboard_buildin_room.Materials/Material.029.mat
  artifactKey: Guid(63ba625ac9a3bbc4592383709ab182cc) Importer(815301076,1909f56bfc062723c751e8b465ee728b)
Start importing Assets/roomModel/v3/keyboard_buildin_room.Materials/Material.029.mat using Guid(63ba625ac9a3bbc4592383709ab182cc) Importer(815301076,1909f56bfc062723c751e8b465ee728b)  -> (artifact id: '5ba628111a7d9cceb51f5286c3e4f18a') in 0.018989 seconds 
========================================================================
Received Import Request.
  Time since last request: 0.000024 seconds.
  path: Assets/roomModel/v3/keyboard_buildin_room.Materials/Material.019.mat
  artifactKey: Guid(694a3a5982ecc4b4ea4b3ef2a39d8bd3) Importer(815301076,1909f56bfc062723c751e8b465ee728b)
Start importing Assets/roomModel/v3/keyboard_buildin_room.Materials/Material.019.mat using Guid(694a3a5982ecc4b4ea4b3ef2a39d8bd3) Importer(815301076,1909f56bfc062723c751e8b465ee728b)  -> (artifact id: 'a2a40d06a6ad51fd65f90c1285e61c27') in 0.019146 seconds 
========================================================================
Received Import Request.
  Time since last request: 0.000023 seconds.
  path: Assets/roomModel/v3/keyboard_buildin_room.Materials/Material.013.mat
  artifactKey: Guid(efe56decd5682914eaeac94df36d04c4) Importer(815301076,1909f56bfc062723c751e8b465ee728b)
Start importing Assets/roomModel/v3/keyboard_buildin_room.Materials/Material.013.mat using Guid(efe56decd5682914eaeac94df36d04c4) Importer(815301076,1909f56bfc062723c751e8b465ee728b)  -> (artifact id: '2e77bac8343edb80f721af6ce139fc68') in 0.016337 seconds 
========================================================================
Received Import Request.
  Time since last request: 0.000023 seconds.
  path: Assets/roomModel/v3/keyboard_buildin_room.Materials/Material.018.mat
  artifactKey: Guid(a51633d6483a47f438b0a2cf892ee706) Importer(815301076,1909f56bfc062723c751e8b465ee728b)
Start importing Assets/roomModel/v3/keyboard_buildin_room.Materials/Material.018.mat using Guid(a51633d6483a47f438b0a2cf892ee706) Importer(815301076,1909f56bfc062723c751e8b465ee728b)  -> (artifact id: 'f376d8f911397a5c056ba21d6adde7aa') in 0.492696 seconds 
========================================================================
Received Import Request.
  Time since last request: 0.000026 seconds.
  path: Assets/roomModel/v3/keyboard_buildin_room.Materials/Material.023.mat
  artifactKey: Guid(0b5f56ddb172ffc43a5bff358f1d1917) Importer(815301076,1909f56bfc062723c751e8b465ee728b)
Start importing Assets/roomModel/v3/keyboard_buildin_room.Materials/Material.023.mat using Guid(0b5f56ddb172ffc43a5bff358f1d1917) Importer(815301076,1909f56bfc062723c751e8b465ee728b)  -> (artifact id: '12365fce74c02195240ffdd54d4af846') in 0.016778 seconds 
========================================================================
Received Import Request.
  Time since last request: 0.000029 seconds.
  path: Assets/roomModel/v3/keyboard_buildin_room.Materials/Material.030.mat
  artifactKey: Guid(5a18d9cc038089646a4f99595970b529) Importer(815301076,1909f56bfc062723c751e8b465ee728b)
Start importing Assets/roomModel/v3/keyboard_buildin_room.Materials/Material.030.mat using Guid(5a18d9cc038089646a4f99595970b529) Importer(815301076,1909f56bfc062723c751e8b465ee728b)  -> (artifact id: '58c7b81381d4c453e7acc35fe3335524') in 0.021388 seconds 
========================================================================
Received Import Request.
  Time since last request: 0.000026 seconds.
  path: Assets/roomModel/v3/keyboard_buildin_room.Materials/Material.027.mat
  artifactKey: Guid(bd3d2cf7e196fe64e9de08211f82dcaa) Importer(815301076,1909f56bfc062723c751e8b465ee728b)
Start importing Assets/roomModel/v3/keyboard_buildin_room.Materials/Material.027.mat using Guid(bd3d2cf7e196fe64e9de08211f82dcaa) Importer(815301076,1909f56bfc062723c751e8b465ee728b)  -> (artifact id: '0521512c9f7ed16c950099530728806a') in 0.016420 seconds 
========================================================================
Received Import Request.
  Time since last request: 0.000026 seconds.
  path: Assets/roomModel/v3/keyboard_buildin_room.Materials/Material.002.mat
  artifactKey: Guid(14c3cacb5ee1e1e4cb2c23f98469e85a) Importer(815301076,1909f56bfc062723c751e8b465ee728b)
Start importing Assets/roomModel/v3/keyboard_buildin_room.Materials/Material.002.mat using Guid(14c3cacb5ee1e1e4cb2c23f98469e85a) Importer(815301076,1909f56bfc062723c751e8b465ee728b)  -> (artifact id: 'f968c9694481a6122a163ec16181988e') in 0.019159 seconds 
========================================================================
Received Import Request.
  Time since last request: 0.000035 seconds.
  path: Assets/roomModel/v3/keyboard_buildin_room.Materials/Material.007.mat
  artifactKey: Guid(d8490a8ec5b6aeb4aa0025ab03789cc2) Importer(815301076,1909f56bfc062723c751e8b465ee728b)
Start importing Assets/roomModel/v3/keyboard_buildin_room.Materials/Material.007.mat using Guid(d8490a8ec5b6aeb4aa0025ab03789cc2) Importer(815301076,1909f56bfc062723c751e8b465ee728b)  -> (artifact id: '77f3539ebd6294cccd90227e0cf8e0ee') in 0.019784 seconds 
========================================================================
Received Import Request.
  Time since last request: 0.000028 seconds.
  path: Assets/roomModel/v3/keyboard_buildin_room.Materials/Material.032.mat
  artifactKey: Guid(e4f5807ad234bd2478247cacad5dd038) Importer(815301076,1909f56bfc062723c751e8b465ee728b)
Start importing Assets/roomModel/v3/keyboard_buildin_room.Materials/Material.032.mat using Guid(e4f5807ad234bd2478247cacad5dd038) Importer(815301076,1909f56bfc062723c751e8b465ee728b)  -> (artifact id: '0d727d26377d7b2d9378a6e7fbc30eae') in 0.017403 seconds 
========================================================================
Received Import Request.
  Time since last request: 0.000030 seconds.
  path: Assets/roomModel/v3/keyboard_buildin_room.Materials/featureWall.mat
  artifactKey: Guid(a625d663521fdd5489cbc6a70afdfbe1) Importer(815301076,1909f56bfc062723c751e8b465ee728b)
Start importing Assets/roomModel/v3/keyboard_buildin_room.Materials/featureWall.mat using Guid(a625d663521fdd5489cbc6a70afdfbe1) Importer(815301076,1909f56bfc062723c751e8b465ee728b)  -> (artifact id: 'a536e219fd2d7f986d502802bd62a176') in 0.302191 seconds 
========================================================================
Received Import Request.
  Time since last request: 0.000027 seconds.
  path: Assets/roomModel/v3/keyboard_buildin_room.Materials/Material.017.mat
  artifactKey: Guid(f5a752dcc2d6ade4792ca46fc1d7da92) Importer(815301076,1909f56bfc062723c751e8b465ee728b)
Start importing Assets/roomModel/v3/keyboard_buildin_room.Materials/Material.017.mat using Guid(f5a752dcc2d6ade4792ca46fc1d7da92) Importer(815301076,1909f56bfc062723c751e8b465ee728b)  -> (artifact id: '90f7c0353d846c5ac4bf063b4268101b') in 0.019554 seconds 
========================================================================
Received Import Request.
  Time since last request: 0.000029 seconds.
  path: Assets/roomModel/v3/keyboard_buildin_room.Materials/EuthaniseMe.mat
  artifactKey: Guid(a3b5dfa7ed24b0246ac84121ab2eb983) Importer(815301076,1909f56bfc062723c751e8b465ee728b)
Start importing Assets/roomModel/v3/keyboard_buildin_room.Materials/EuthaniseMe.mat using Guid(a3b5dfa7ed24b0246ac84121ab2eb983) Importer(815301076,1909f56bfc062723c751e8b465ee728b)  -> (artifact id: '4ee9e6092f7cb69b19e7d2805e5d6d03') in 0.017124 seconds 
========================================================================
Received Import Request.
  Time since last request: 0.000024 seconds.
  path: Assets/roomModel/v3/keyboard_buildin_room.Materials/Material.008.mat
  artifactKey: Guid(18af4891538ab60489814fee33f55610) Importer(815301076,1909f56bfc062723c751e8b465ee728b)
Start importing Assets/roomModel/v3/keyboard_buildin_room.Materials/Material.008.mat using Guid(18af4891538ab60489814fee33f55610) Importer(815301076,1909f56bfc062723c751e8b465ee728b)  -> (artifact id: 'fd770628c1be9fe97c944f6d586bebef') in 0.020909 seconds 
========================================================================
Received Import Request.
  Time since last request: 0.000036 seconds.
  path: Assets/roomModel/v3/keyboard_buildin_room.Materials/Material.006.mat
  artifactKey: Guid(b48a33a9e864697439afc365a0da0605) Importer(815301076,1909f56bfc062723c751e8b465ee728b)
Start importing Assets/roomModel/v3/keyboard_buildin_room.Materials/Material.006.mat using Guid(b48a33a9e864697439afc365a0da0605) Importer(815301076,1909f56bfc062723c751e8b465ee728b)  -> (artifact id: 'eac5794cfa30b869f784521d5f1af4a8') in 0.017915 seconds 
========================================================================
Received Import Request.
  Time since last request: 0.000025 seconds.
  path: Assets/roomModel/v3/keyboard_buildin_room.Materials/Material.004.mat
  artifactKey: Guid(d8d1debb10661c344a34a9d6d7fd7238) Importer(815301076,1909f56bfc062723c751e8b465ee728b)
Start importing Assets/roomModel/v3/keyboard_buildin_room.Materials/Material.004.mat using Guid(d8d1debb10661c344a34a9d6d7fd7238) Importer(815301076,1909f56bfc062723c751e8b465ee728b)  -> (artifact id: 'e943ec6019520c8f97da36123d342f62') in 0.022298 seconds 
Editor requested this worker to shutdown with reason: Scaling down because of idle timeout
AssetImportWorker is now disconnected from the server
Process exiting
Exiting without the bug reporter. Application will terminate with return code 0