Using pre-set license
Built from '2022.1/staging' branch; Version is '2022.1.16f1 (7321c9670bc2) revision 7545289'; Using compiler version '192829333'; Build Type 'Release'
OS: 'Windows 11  (10.0.22000) 64bit Professional' Language: 'en' Physical Memory: 24479 MB
BatchMode: 1, IsHumanControllingUs: 0, StartBugReporterOnCrash: 0, Is64bit: 1, IsPro: 1

COMMAND LINE ARGUMENTS:
C:\Program Files\Unity\Hub\Editor\2022.1.16f1\Editor\Unity.exe
-adb2
-batchMode
-noUpm
-name
AssetImportWorker8
-projectPath
C:/Users/asdaman69/Desktop/repos/KeebSimTesting
-logFile
Logs/AssetImportWorker8.log
-srvPort
52160
Successfully changed project path to: C:/Users/asdaman69/Desktop/repos/KeebSimTesting
C:/Users/asdaman69/Desktop/repos/KeebSimTesting
[UnityMemory] Configuration Parameters - Can be set up in boot.config
    "memorysetup-bucket-allocator-granularity=16"
    "memorysetup-bucket-allocator-bucket-count=8"
    "memorysetup-bucket-allocator-block-size=33554432"
    "memorysetup-bucket-allocator-block-count=8"
    "memorysetup-main-allocator-block-size=16777216"
    "memorysetup-thread-allocator-block-size=16777216"
    "memorysetup-gfx-main-allocator-block-size=16777216"
    "memorysetup-gfx-thread-allocator-block-size=16777216"
    "memorysetup-cache-allocator-block-size=4194304"
    "memorysetup-typetree-allocator-block-size=2097152"
    "memorysetup-profiler-bucket-allocator-granularity=16"
    "memorysetup-profiler-bucket-allocator-bucket-count=8"
    "memorysetup-profiler-bucket-allocator-block-size=33554432"
    "memorysetup-profiler-bucket-allocator-block-count=8"
    "memorysetup-profiler-allocator-block-size=16777216"
    "memorysetup-profiler-editor-allocator-block-size=1048576"
    "memorysetup-temp-allocator-size-main=16777216"
    "memorysetup-job-temp-allocator-block-size=2097152"
    "memorysetup-job-temp-allocator-block-size-background=1048576"
    "memorysetup-job-temp-allocator-reduction-small-platforms=262144"
    "memorysetup-temp-allocator-size-background-worker=32768"
    "memorysetup-temp-allocator-size-job-worker=262144"
    "memorysetup-temp-allocator-size-preload-manager=33554432"
    "memorysetup-temp-allocator-size-nav-mesh-worker=65536"
    "memorysetup-temp-allocator-size-audio-worker=65536"
    "memorysetup-temp-allocator-size-cloud-worker=32768"
    "memorysetup-temp-allocator-size-gi-baking-worker=262144"
    "memorysetup-temp-allocator-size-gfx=262144"
Refreshing native plugins compatible for Editor in 133.39 ms, found 4 plugins.
Preloading 0 native plugins for Editor in 0.00 ms.
Initialize engine version: 2022.1.16f1 (7321c9670bc2)
[Subsystems] Discovering subsystems at path C:/Program Files/Unity/Hub/Editor/2022.1.16f1/Editor/Data/Resources/UnitySubsystems
[Subsystems] Discovering subsystems at path C:/Users/asdaman69/Desktop/repos/KeebSimTesting/Assets
GfxDevice: creating device client; threaded=0; jobified=0
Direct3D:
    Version:  Direct3D 11.0 [level 11.1]
    Renderer: NVIDIA GeForce RTX 3060 (ID=0x2504)
    Vendor:   NVIDIA
    VRAM:     12129 MB
    Driver:   31.0.15.2737
Initialize mono
Mono path[0] = 'C:/Program Files/Unity/Hub/Editor/2022.1.16f1/Editor/Data/Managed'
Mono path[1] = 'C:/Program Files/Unity/Hub/Editor/2022.1.16f1/Editor/Data/MonoBleedingEdge/lib/mono/unityjit-win32'
Mono config path = 'C:/Program Files/Unity/Hub/Editor/2022.1.16f1/Editor/Data/MonoBleedingEdge/etc'
Using monoOptions --debugger-agent=transport=dt_socket,embedding=1,server=y,suspend=n,address=127.0.0.1:56184
Begin MonoManager ReloadAssembly
Registering precompiled unity dll's ...
Register platform support module: C:/Program Files/Unity/Hub/Editor/2022.1.16f1/Editor/Data/PlaybackEngines/AndroidPlayer/UnityEditor.Android.Extensions.dll
Register platform support module: C:/Program Files/Unity/Hub/Editor/2022.1.16f1/Editor/Data/PlaybackEngines/iOSSupport/UnityEditor.iOS.Extensions.dll
Register platform support module: C:/Program Files/Unity/Hub/Editor/2022.1.16f1/Editor/Data/PlaybackEngines/WindowsStandaloneSupport/UnityEditor.WindowsStandalone.Extensions.dll
Register platform support module: C:/Program Files/Unity/Hub/Editor/2022.1.16f1/Editor/Data/PlaybackEngines/LinuxStandaloneSupport/UnityEditor.LinuxStandalone.Extensions.dll
Register platform support module: C:/Program Files/Unity/Hub/Editor/2022.1.16f1/Editor/Data/PlaybackEngines/MetroSupport/UnityEditor.UWP.Extensions.dll
Registered in 0.006246 seconds.
Native extension for UWP target not found
Native extension for LinuxStandalone target not found
Native extension for WindowsStandalone target not found
[usbmuxd] Start listen thread
[usbmuxd] Listen thread started
Native extension for iOS target not found
Native extension for Android target not found
Refreshing native plugins compatible for Editor in 154.83 ms, found 4 plugins.
Preloading 0 native plugins for Editor in 0.00 ms.
Mono: successfully reloaded assembly
- Completed reload, in  0.678 seconds
Domain Reload Profiling:
	ReloadAssembly (678ms)
		BeginReloadAssembly (73ms)
			ExecutionOrderSort (0ms)
			DisableScriptedObjects (0ms)
			BackupInstance (0ms)
			ReleaseScriptingObjects (0ms)
			CreateAndSetChildDomain (1ms)
		EndReloadAssembly (512ms)
			LoadAssemblies (72ms)
			RebuildTransferFunctionScriptingTraits (0ms)
			SetupTypeCache (98ms)
				TypeCache.Initialize (97ms)
					TypeCache.ScanAssembly (96ms)
				ResolveRequiredComponents (0ms)
			ReleaseScriptCaches (0ms)
			RebuildScriptCaches (22ms)
			SetupLoadedEditorAssemblies (346ms)
				LogAssemblyErrors (0ms)
				InitializePlatformSupportModulesInManaged (58ms)
				SetLoadedEditorAssemblies (8ms)
				RefreshPlugins (155ms)
				BeforeProcessingInitializeOnLoad (1ms)
				ProcessInitializeOnLoadAttributes (87ms)
				ProcessInitializeOnLoadMethodAttributes (37ms)
				AfterProcessingInitializeOnLoad (0ms)
				EditorAssembliesLoaded (0ms)
			ExecutionOrderSort2 (0ms)
			AwakeInstancesAfterBackupRestoration (0ms)
Platform modules already initialized, skipping
Registering precompiled user dll's ...
Registered in 0.006011 seconds.
Begin MonoManager ReloadAssembly
Symbol file LoadedFromMemory doesn't match image C:\Users\asdaman69\Desktop\repos\KeebSimTesting\Library\PackageCache\com.unity.visualscripting@1.7.8\Editor\VisualScripting.Core\Dependencies\YamlDotNet\Unity.VisualScripting.YamlDotNet.dll
Symbol file LoadedFromMemory doesn't match image C:\Users\asdaman69\Desktop\repos\KeebSimTesting\Library\PackageCache\com.unity.visualscripting@1.7.8\Editor\VisualScripting.Core\Dependencies\DotNetZip\Unity.VisualScripting.IonicZip.dll
Native extension for UWP target not found
Native extension for LinuxStandalone target not found
Native extension for WindowsStandalone target not found
Native extension for iOS target not found
Native extension for Android target not found
Refreshing native plugins compatible for Editor in 115.24 ms, found 4 plugins.
Preloading 0 native plugins for Editor in 0.00 ms.
Mono: successfully reloaded assembly
- Completed reload, in  1.355 seconds
Domain Reload Profiling:
	ReloadAssembly (1356ms)
		BeginReloadAssembly (204ms)
			ExecutionOrderSort (0ms)
			DisableScriptedObjects (5ms)
			BackupInstance (0ms)
			ReleaseScriptingObjects (0ms)
			CreateAndSetChildDomain (123ms)
		EndReloadAssembly (1048ms)
			LoadAssemblies (88ms)
			RebuildTransferFunctionScriptingTraits (0ms)
			SetupTypeCache (240ms)
				TypeCache.Initialize (231ms)
					TypeCache.ScanAssembly (226ms)
				ResolveRequiredComponents (9ms)
			ReleaseScriptCaches (1ms)
			RebuildScriptCaches (61ms)
			SetupLoadedEditorAssemblies (619ms)
				LogAssemblyErrors (0ms)
				InitializePlatformSupportModulesInManaged (21ms)
				SetLoadedEditorAssemblies (5ms)
				RefreshPlugins (115ms)
				BeforeProcessingInitializeOnLoad (102ms)
				ProcessInitializeOnLoadAttributes (332ms)
				ProcessInitializeOnLoadMethodAttributes (38ms)
				AfterProcessingInitializeOnLoad (5ms)
				EditorAssembliesLoaded (0ms)
			ExecutionOrderSort2 (0ms)
			AwakeInstancesAfterBackupRestoration (5ms)
Platform modules already initialized, skipping
========================================================================
Worker process is ready to serve import requests
Launched and connected shader compiler UnityShaderCompiler.exe after 0.03 seconds
Refreshing native plugins compatible for Editor in 1.18 ms, found 4 plugins.
Preloading 0 native plugins for Editor in 0.00 ms.
Unloading 6950 Unused Serialized files (Serialized files now loaded: 0)
Unloading 64 unused Assets / (4.7 MB). Loaded Objects now: 7405.
Memory consumption went from 1.10 GB to 1.10 GB.
Total: 4.584200 ms (FindLiveObjects: 0.397500 ms CreateObjectMapping: 0.346100 ms MarkObjects: 2.990700 ms  DeleteObjects: 0.849000 ms)

AssetImportParameters requested are different than current active one (requested -> active):
  custom:video-decoder-ogg-theora: a1e56fd34408186e4bbccfd4996cb3dc -> 
  custom:container-muxer-webm: aa71ff27fc2769a1b78a27578f13a17b -> 
  custom:container-demuxer-webm: 4f35f7cbe854078d1ac9338744f61a02 -> 
  custom:video-encoder-webm-vp8: eb34c28f22e8b96e1ab97ce403110664 -> 
  custom:audio-encoder-webm-vorbis: bf7c407c2cedff20999df2af8eb42d56 -> 
  custom:framework-win-MediaFoundation: 216162199b28c13a410421893ffa2e32 -> 
  custom:container-demuxer-ogg: 62fdf1f143b41e24485cea50d1cbac27 -> 
  custom:video-decoder-webm-vp8: 9c59270c3fd7afecdb556c50c9e8de78 -> 
  custom:audio-decoder-ogg-vorbis: bf7c407c2cedff20999df2af8eb42d56 -> 
========================================================================
Received Import Request.
  Time since last request: 18191.744798 seconds.
  path: Assets/sceneDecor/OculusQuest/OculusQuest2Box.fbx
  artifactKey: Guid(cbedcf0553047434c8551405145b7162) Importer(815301076,1909f56bfc062723c751e8b465ee728b)
Start importing Assets/sceneDecor/OculusQuest/OculusQuest2Box.fbx using Guid(cbedcf0553047434c8551405145b7162) Importer(815301076,1909f56bfc062723c751e8b465ee728b)  -> (artifact id: '92210095ebecaf4371e9d8200ecce9da') in 0.581742 seconds 
========================================================================
Received Import Request.
  Time since last request: 0.130040 seconds.
  path: Assets/sceneDecor/OculusQuest/OculusQuest2Box.fbx
  artifactKey: Guid(cbedcf0553047434c8551405145b7162) Importer(815301076,1909f56bfc062723c751e8b465ee728b)
Start importing Assets/sceneDecor/OculusQuest/OculusQuest2Box.fbx using Guid(cbedcf0553047434c8551405145b7162) Importer(815301076,1909f56bfc062723c751e8b465ee728b)  -> (artifact id: 'c14edea7c0d6a75463fc88e69961d66c') in 0.027462 seconds 
========================================================================
Received Import Request.
  Time since last request: 1.563670 seconds.
  path: Assets/sceneDecor/OculusQuest/New folder
  artifactKey: Guid(ea739aac68cce4346b1e7ccb782a25c5) Importer(815301076,1909f56bfc062723c751e8b465ee728b)
Start importing Assets/sceneDecor/OculusQuest/New folder using Guid(ea739aac68cce4346b1e7ccb782a25c5) Importer(815301076,1909f56bfc062723c751e8b465ee728b)  -> (artifact id: 'f5caaa3692bd3838315bafc95f76dc86') in 0.004490 seconds 
========================================================================
Received Import Request.
  Time since last request: 0.039784 seconds.
  path: Assets/sceneDecor/OculusQuest/New folder/Material.001.mat
  artifactKey: Guid(f8c3a87a16635b0429aa23db5156fe79) Importer(815301076,1909f56bfc062723c751e8b465ee728b)
Start importing Assets/sceneDecor/OculusQuest/New folder/Material.001.mat using Guid(f8c3a87a16635b0429aa23db5156fe79) Importer(815301076,1909f56bfc062723c751e8b465ee728b)  -> (artifact id: '2c971f6cbb6b8d6e018084d287a4c241') in 0.036824 seconds 
========================================================================
Received Import Request.
  Time since last request: 0.000037 seconds.
  path: Assets/sceneDecor/OculusQuest/New folder/Material.005.mat
  artifactKey: Guid(7e06c8d8820b3a1479a1b0696259ab29) Importer(815301076,1909f56bfc062723c751e8b465ee728b)
Start importing Assets/sceneDecor/OculusQuest/New folder/Material.005.mat using Guid(7e06c8d8820b3a1479a1b0696259ab29) Importer(815301076,1909f56bfc062723c751e8b465ee728b)  -> (artifact id: '3b2d09319f93a3731049affdbdd83b78') in 0.023631 seconds 
========================================================================
Received Import Request.
  Time since last request: 0.000035 seconds.
  path: Assets/sceneDecor/OculusQuest/New folder/Material.003.mat
  artifactKey: Guid(d25bb0a575b91834ab5c3a3e67144073) Importer(815301076,1909f56bfc062723c751e8b465ee728b)
Start importing Assets/sceneDecor/OculusQuest/New folder/Material.003.mat using Guid(d25bb0a575b91834ab5c3a3e67144073) Importer(815301076,1909f56bfc062723c751e8b465ee728b)  -> (artifact id: '4eff74eeb54f977f72037c705597bc52') in 0.023363 seconds 
========================================================================
Received Import Request.
  Time since last request: 186.005914 seconds.
  path: Assets/sceneDecor/OculusQuest/OculusQuest2Box.fbx
  artifactKey: Guid(cbedcf0553047434c8551405145b7162) Importer(815301076,1909f56bfc062723c751e8b465ee728b)
Start importing Assets/sceneDecor/OculusQuest/OculusQuest2Box.fbx using Guid(cbedcf0553047434c8551405145b7162) Importer(815301076,1909f56bfc062723c751e8b465ee728b)  -> (artifact id: 'e50ace1bb48cfd80c0beefb7a8169cdf') in 0.023803 seconds 
========================================================================
Received Prepare
Registering precompiled user dll's ...
Registered in 0.008423 seconds.
Begin MonoManager ReloadAssembly
Symbol file LoadedFromMemory doesn't match image C:\Users\asdaman69\Desktop\repos\KeebSimTesting\Library\PackageCache\com.unity.visualscripting@1.7.8\Editor\VisualScripting.Core\Dependencies\YamlDotNet\Unity.VisualScripting.YamlDotNet.dll
Symbol file LoadedFromMemory doesn't match image C:\Users\asdaman69\Desktop\repos\KeebSimTesting\Library\PackageCache\com.unity.visualscripting@1.7.8\Editor\VisualScripting.Core\Dependencies\DotNetZip\Unity.VisualScripting.IonicZip.dll
Native extension for UWP target not found
Native extension for LinuxStandalone target not found
Native extension for WindowsStandalone target not found
Native extension for iOS target not found
Native extension for Android target not found
Refreshing native plugins compatible for Editor in 1.79 ms, found 4 plugins.
Preloading 0 native plugins for Editor in 0.00 ms.
Mono: successfully reloaded assembly
- Completed reload, in  1.298 seconds
Domain Reload Profiling:
	ReloadAssembly (1298ms)
		BeginReloadAssembly (173ms)
			ExecutionOrderSort (0ms)
			DisableScriptedObjects (28ms)
			BackupInstance (0ms)
			ReleaseScriptingObjects (0ms)
			CreateAndSetChildDomain (57ms)
		EndReloadAssembly (1036ms)
			LoadAssemblies (85ms)
			RebuildTransferFunctionScriptingTraits (0ms)
			SetupTypeCache (243ms)
				TypeCache.Initialize (234ms)
					TypeCache.ScanAssembly (228ms)
				ResolveRequiredComponents (9ms)
			ReleaseScriptCaches (3ms)
			RebuildScriptCaches (54ms)
			SetupLoadedEditorAssemblies (521ms)
				LogAssemblyErrors (0ms)
				InitializePlatformSupportModulesInManaged (30ms)
				SetLoadedEditorAssemblies (6ms)
				RefreshPlugins (2ms)
				BeforeProcessingInitializeOnLoad (88ms)
				ProcessInitializeOnLoadAttributes (358ms)
				ProcessInitializeOnLoadMethodAttributes (31ms)
				AfterProcessingInitializeOnLoad (6ms)
				EditorAssembliesLoaded (0ms)
			ExecutionOrderSort2 (0ms)
			AwakeInstancesAfterBackupRestoration (16ms)
Platform modules already initialized, skipping
Refreshing native plugins compatible for Editor in 2.86 ms, found 4 plugins.
Preloading 0 native plugins for Editor in 0.00 ms.
Unloading 6577 Unused Serialized files (Serialized files now loaded: 0)
Unloading 57 unused Assets / (4.6 MB). Loaded Objects now: 7560.
Memory consumption went from 1.04 GB to 1.04 GB.
Total: 5.508300 ms (FindLiveObjects: 0.702500 ms CreateObjectMapping: 0.217000 ms MarkObjects: 3.819000 ms  DeleteObjects: 0.768600 ms)

AssetImportParameters requested are different than current active one (requested -> active):
  custom:video-decoder-ogg-theora: a1e56fd34408186e4bbccfd4996cb3dc -> 
  custom:container-muxer-webm: aa71ff27fc2769a1b78a27578f13a17b -> 
  custom:container-demuxer-webm: 4f35f7cbe854078d1ac9338744f61a02 -> 
  custom:video-encoder-webm-vp8: eb34c28f22e8b96e1ab97ce403110664 -> 
  custom:audio-encoder-webm-vorbis: bf7c407c2cedff20999df2af8eb42d56 -> 
  custom:framework-win-MediaFoundation: 216162199b28c13a410421893ffa2e32 -> 
  custom:container-demuxer-ogg: 62fdf1f143b41e24485cea50d1cbac27 -> 
  custom:video-decoder-webm-vp8: 9c59270c3fd7afecdb556c50c9e8de78 -> 
  custom:audio-decoder-ogg-vorbis: bf7c407c2cedff20999df2af8eb42d56 -> 
========================================================================
Received Import Request.
  Time since last request: 81.822021 seconds.
  path: Assets/sceneDecor/OculusQuest/Seamless_White_Wall_ Paint_Stucco_Plaster_Texturise.club_NORMAL.jpg
  artifactKey: Guid(dcc3eb57415183742bc866737c210711) Importer(815301076,1909f56bfc062723c751e8b465ee728b)
Start importing Assets/sceneDecor/OculusQuest/Seamless_White_Wall_ Paint_Stucco_Plaster_Texturise.club_NORMAL.jpg using Guid(dcc3eb57415183742bc866737c210711) Importer(815301076,1909f56bfc062723c751e8b465ee728b)  -> (artifact id: '317db70cec216f8318164a2e40144c91') in 0.070514 seconds 
========================================================================
Received Import Request.
  Time since last request: 25.812569 seconds.
  path: Assets/sceneDecor/OculusQuest/Seamless_White_Wall_ Paint_Stucco_Plaster_Texturise.club_NORMAL.jpg
  artifactKey: Guid(dcc3eb57415183742bc866737c210711) Importer(815301076,1909f56bfc062723c751e8b465ee728b)
Start importing Assets/sceneDecor/OculusQuest/Seamless_White_Wall_ Paint_Stucco_Plaster_Texturise.club_NORMAL.jpg using Guid(dcc3eb57415183742bc866737c210711) Importer(815301076,1909f56bfc062723c751e8b465ee728b)  -> (artifact id: '926498e9552bb05b47cd94442f5e1c39') in 0.021888 seconds 
